2025-11-10 13:35:04,353 - INFO - Opening https://shopee.sg
2025-11-10 13:35:10,138 - INFO - Successfully opened https://shopee.sg
2025-11-10 13:35:10,297 - INFO - Successfully loaded cookies from file
2025-11-10 13:35:10,328 - INFO - Added 29 cookies.
2025-11-10 13:35:17,109 - INFO - Page reloaded successfully
2025-11-10 13:35:21,297 - INFO - Closed popup successfully
2025-11-10 13:35:29,474 - INFO - Simulated human behavior on home page
2025-11-10 13:35:29,474 - INFO - Opening category page: https://shopee.sg/abc-cat.11011538.11011739?page=0&sortBy=sales
2025-11-10 13:35:34,796 - INFO - Attempting to capture API response from: https://shopee.sg/api/v4/search/search_items?by=sales&limit=60&match_id=11011739&newest=0&order=desc&page_type=search&scenario=PAGE_CATEGORY&source=SRP&version=2&view_session_id=5179a622-938e-41e1-b57f-fbef4b6ec9d1
2025-11-10 13:35:34,867 - INFO - Successfully captured API: https://shopee.sg/api/v4/search/search_items?by=sales&limit=60&match_id=11011739&newest=0&order=desc&page_type=search&scenario=PAGE_CATEGORY&source=SRP&version=2&view_session_id=5179a622-938e-41e1-b57f-fbef4b6ec9d1
2025-11-10 13:35:36,920 - INFO - Successfully opened https://shopee.sg/abc-cat.11011538.11011739?page=0&sortBy=sales
2025-11-10 13:35:41,716 - INFO - Extracted 60 products from https://shopee.sg/abc-cat.11011538.11011739?page=0&sortBy=sales
2025-11-10 13:35:41,716 - INFO - Opening category page: https://shopee.sg/abc-cat.11011538.11011739?page=1&sortBy=sales
2025-11-10 13:35:44,298 - INFO - Attempting to capture API response from: https://shopee.sg/api/v4/search/search_items?by=sales&limit=60&match_id=11011739&newest=60&order=desc&page_type=search&scenario=PAGE_CATEGORY&source=SRP&version=2&view_session_id=a23549e9-5d0b-4bd1-98dd-758f8d8bda5c
2025-11-10 13:35:44,338 - INFO - Successfully captured API: https://shopee.sg/api/v4/search/search_items?by=sales&limit=60&match_id=11011739&newest=60&order=desc&page_type=search&scenario=PAGE_CATEGORY&source=SRP&version=2&view_session_id=a23549e9-5d0b-4bd1-98dd-758f8d8bda5c
2025-11-10 13:35:45,769 - INFO - Successfully opened https://shopee.sg/abc-cat.11011538.11011739?page=1&sortBy=sales
2025-11-10 13:35:48,922 - INFO - Extracted 60 products from https://shopee.sg/abc-cat.11011538.11011739?page=1&sortBy=sales
2025-11-10 13:35:48,922 - INFO - Opening category page: https://shopee.sg/abc-cat.11011538.11059285?page=0&sortBy=sales
2025-11-10 13:35:51,416 - INFO - Attempting to capture API response from: https://shopee.sg/api/v4/search/search_items?by=sales&limit=60&match_id=11059285&newest=0&order=desc&page_type=search&scenario=PAGE_CATEGORY&source=SRP&version=2&view_session_id=44476609-7db8-409b-9364-5fe925b27bef
2025-11-10 13:35:51,496 - INFO - Successfully captured API: https://shopee.sg/api/v4/search/search_items?by=sales&limit=60&match_id=11059285&newest=0&order=desc&page_type=search&scenario=PAGE_CATEGORY&source=SRP&version=2&view_session_id=44476609-7db8-409b-9364-5fe925b27bef
2025-11-10 13:35:52,927 - INFO - Successfully opened https://shopee.sg/abc-cat.11011538.11059285?page=0&sortBy=sales
2025-11-10 13:36:38,576 - INFO - Extracted 60 products from https://shopee.sg/abc-cat.11011538.11059285?page=0&sortBy=sales
2025-11-10 13:36:38,576 - INFO - Opening category page: https://shopee.sg/abc-cat.11011538.11059285?page=1&sortBy=sales
2025-11-10 13:36:40,959 - INFO - Attempting to capture API response from: https://shopee.sg/api/v4/search/search_items?by=sales&limit=60&match_id=11059285&newest=60&order=desc&page_type=search&scenario=PAGE_CATEGORY&source=SRP&version=2&view_session_id=347fb83f-6938-4b57-80a5-8b20fa3a5bd7
2025-11-10 13:36:41,057 - INFO - Successfully captured API: https://shopee.sg/api/v4/search/search_items?by=sales&limit=60&match_id=11059285&newest=60&order=desc&page_type=search&scenario=PAGE_CATEGORY&source=SRP&version=2&view_session_id=347fb83f-6938-4b57-80a5-8b20fa3a5bd7
2025-11-10 13:36:42,949 - INFO - Successfully opened https://shopee.sg/abc-cat.11011538.11059285?page=1&sortBy=sales
2025-11-10 13:36:50,076 - INFO - Extracted 60 products from https://shopee.sg/abc-cat.11011538.11059285?page=1&sortBy=sales
2025-11-10 13:36:50,094 - INFO - Opening category page: https://shopee.sg/abc-cat.11011538.11011731?page=0&sortBy=sales
2025-11-10 13:36:52,594 - INFO - Attempting to capture API response from: https://shopee.sg/api/v4/search/search_items?by=sales&limit=60&match_id=11011731&newest=0&order=desc&page_type=search&scenario=PAGE_CATEGORY&source=SRP&version=2&view_session_id=713f236d-90bd-4f6f-bcc1-96f7ae6535bc
2025-11-10 13:36:52,661 - INFO - Successfully captured API: https://shopee.sg/api/v4/search/search_items?by=sales&limit=60&match_id=11011731&newest=0&order=desc&page_type=search&scenario=PAGE_CATEGORY&source=SRP&version=2&view_session_id=713f236d-90bd-4f6f-bcc1-96f7ae6535bc
2025-11-10 13:36:54,650 - INFO - Successfully opened https://shopee.sg/abc-cat.11011538.11011731?page=0&sortBy=sales
2025-11-10 13:37:38,352 - INFO - Extracted 60 products from https://shopee.sg/abc-cat.11011538.11011731?page=0&sortBy=sales
2025-11-10 13:37:38,352 - INFO - Opening category page: https://shopee.sg/abc-cat.11011538.11011731?page=1&sortBy=sales
2025-11-10 13:37:41,108 - INFO - Attempting to capture API response from: https://shopee.sg/api/v4/search/search_items?by=sales&limit=60&match_id=11011731&newest=60&order=desc&page_type=search&scenario=PAGE_CATEGORY&source=SRP&version=2&view_session_id=fa6e2cbf-2050-45a5-9ed5-f08afc27be9d
2025-11-10 13:37:41,136 - INFO - Successfully captured API: https://shopee.sg/api/v4/search/search_items?by=sales&limit=60&match_id=11011731&newest=60&order=desc&page_type=search&scenario=PAGE_CATEGORY&source=SRP&version=2&view_session_id=fa6e2cbf-2050-45a5-9ed5-f08afc27be9d
2025-11-10 13:37:43,003 - INFO - Successfully opened https://shopee.sg/abc-cat.11011538.11011731?page=1&sortBy=sales
2025-11-10 13:37:51,052 - INFO - Extracted 60 products from https://shopee.sg/abc-cat.11011538.11011731?page=1&sortBy=sales
2025-11-10 13:37:51,053 - INFO - Opening category page: https://shopee.sg/abc-cat.11011538.11011712?page=0&sortBy=sales
2025-11-10 13:37:53,540 - INFO - Attempting to capture API response from: https://shopee.sg/api/v4/search/search_items?by=sales&limit=60&match_id=11011712&newest=0&order=desc&page_type=search&scenario=PAGE_CATEGORY&source=SRP&version=2&view_session_id=6248e523-36f6-4079-ad84-17ff9f572c0f
2025-11-10 13:37:53,575 - INFO - Successfully captured API: https://shopee.sg/api/v4/search/search_items?by=sales&limit=60&match_id=11011712&newest=0&order=desc&page_type=search&scenario=PAGE_CATEGORY&source=SRP&version=2&view_session_id=6248e523-36f6-4079-ad84-17ff9f572c0f
2025-11-10 13:37:55,550 - INFO - Successfully opened https://shopee.sg/abc-cat.11011538.11011712?page=0&sortBy=sales
2025-11-10 13:38:06,736 - INFO - Extracted 60 products from https://shopee.sg/abc-cat.11011538.11011712?page=0&sortBy=sales
2025-11-10 13:38:06,737 - INFO - Opening category page: https://shopee.sg/abc-cat.11011538.11011712?page=1&sortBy=sales
2025-11-10 13:38:09,422 - INFO - Attempting to capture API response from: https://shopee.sg/api/v4/search/search_items?by=sales&limit=60&match_id=11011712&newest=60&order=desc&page_type=search&scenario=PAGE_CATEGORY&source=SRP&version=2&view_session_id=0fc632e4-bc57-4097-a251-ac42fbf586af
2025-11-10 13:38:09,528 - INFO - Successfully captured API: https://shopee.sg/api/v4/search/search_items?by=sales&limit=60&match_id=11011712&newest=60&order=desc&page_type=search&scenario=PAGE_CATEGORY&source=SRP&version=2&view_session_id=0fc632e4-bc57-4097-a251-ac42fbf586af
2025-11-10 13:38:11,545 - INFO - Successfully opened https://shopee.sg/abc-cat.11011538.11011712?page=1&sortBy=sales
2025-11-10 13:38:23,202 - INFO - Extracted 60 products from https://shopee.sg/abc-cat.11011538.11011712?page=1&sortBy=sales
2025-11-10 13:38:23,203 - INFO - Opening category page: https://shopee.sg/abc-cat.11011538.11011703?page=0&sortBy=sales
2025-11-10 13:38:25,862 - INFO - Attempting to capture API response from: https://shopee.sg/api/v4/search/search_items?by=sales&limit=60&match_id=11011703&newest=0&order=desc&page_type=search&scenario=PAGE_CATEGORY&source=SRP&version=2&view_session_id=cb79751c-40cb-4417-98e0-16d8f0ca99c6
2025-11-10 13:38:25,897 - INFO - Successfully captured API: https://shopee.sg/api/v4/search/search_items?by=sales&limit=60&match_id=11011703&newest=0&order=desc&page_type=search&scenario=PAGE_CATEGORY&source=SRP&version=2&view_session_id=cb79751c-40cb-4417-98e0-16d8f0ca99c6
2025-11-10 13:38:27,892 - INFO - Successfully opened https://shopee.sg/abc-cat.11011538.11011703?page=0&sortBy=sales
2025-11-10 13:39:02,868 - INFO - Extracted 60 products from https://shopee.sg/abc-cat.11011538.11011703?page=0&sortBy=sales
2025-11-10 13:39:02,868 - INFO - Opening category page: https://shopee.sg/abc-cat.11011538.11011703?page=1&sortBy=sales
2025-11-10 13:39:05,346 - INFO - Attempting to capture API response from: https://shopee.sg/api/v4/search/search_items?by=sales&limit=60&match_id=11011703&newest=60&order=desc&page_type=search&scenario=PAGE_CATEGORY&source=SRP&version=2&view_session_id=4885d61a-b039-4306-ad28-77f3c0b4d5ef
2025-11-10 13:39:05,542 - INFO - Successfully captured API: https://shopee.sg/api/v4/search/search_items?by=sales&limit=60&match_id=11011703&newest=60&order=desc&page_type=search&scenario=PAGE_CATEGORY&source=SRP&version=2&view_session_id=4885d61a-b039-4306-ad28-77f3c0b4d5ef
2025-11-10 13:39:07,510 - INFO - Successfully opened https://shopee.sg/abc-cat.11011538.11011703?page=1&sortBy=sales
2025-11-10 13:39:13,950 - INFO - Extracted 60 products from https://shopee.sg/abc-cat.11011538.11011703?page=1&sortBy=sales
2025-11-10 13:39:13,951 - INFO - Opening category page: https://shopee.sg/abc-cat.11011538.11011658?page=0&sortBy=sales
2025-11-10 13:39:16,449 - INFO - Attempting to capture API response from: https://shopee.sg/api/v4/search/search_items?by=sales&limit=60&match_id=11011658&newest=0&order=desc&page_type=search&scenario=PAGE_CATEGORY&source=SRP&version=2&view_session_id=6d306023-1eac-4160-ba24-f3d22a5b6a13
2025-11-10 13:39:16,548 - INFO - Successfully captured API: https://shopee.sg/api/v4/search/search_items?by=sales&limit=60&match_id=11011658&newest=0&order=desc&page_type=search&scenario=PAGE_CATEGORY&source=SRP&version=2&view_session_id=6d306023-1eac-4160-ba24-f3d22a5b6a13
2025-11-10 13:39:18,510 - INFO - Successfully opened https://shopee.sg/abc-cat.11011538.11011658?page=0&sortBy=sales
2025-11-10 13:39:35,503 - INFO - Extracted 60 products from https://shopee.sg/abc-cat.11011538.11011658?page=0&sortBy=sales
2025-11-10 13:39:35,503 - INFO - Opening category page: https://shopee.sg/abc-cat.11011538.11011658?page=1&sortBy=sales
2025-11-10 13:39:38,109 - INFO - Attempting to capture API response from: https://shopee.sg/api/v4/search/search_items?by=sales&limit=60&match_id=11011658&newest=60&order=desc&page_type=search&scenario=PAGE_CATEGORY&source=SRP&version=2&view_session_id=dcca07fa-d3c6-4af5-8200-47d3c425c109
2025-11-10 13:39:38,229 - INFO - Successfully captured API: https://shopee.sg/api/v4/search/search_items?by=sales&limit=60&match_id=11011658&newest=60&order=desc&page_type=search&scenario=PAGE_CATEGORY&source=SRP&version=2&view_session_id=dcca07fa-d3c6-4af5-8200-47d3c425c109
2025-11-10 13:39:40,199 - INFO - Successfully opened https://shopee.sg/abc-cat.11011538.11011658?page=1&sortBy=sales
2025-11-10 13:39:42,224 - INFO - Extracted 60 products from https://shopee.sg/abc-cat.11011538.11011658?page=1&sortBy=sales
2025-11-10 13:39:42,224 - INFO - Opening category page: https://shopee.sg/abc-cat.11011538.11011639?page=0&sortBy=sales
2025-11-10 13:39:44,681 - INFO - Attempting to capture API response from: https://shopee.sg/api/v4/search/search_items?by=sales&limit=60&match_id=11011639&newest=0&order=desc&page_type=search&scenario=PAGE_CATEGORY&source=SRP&version=2&view_session_id=4365e529-838f-4a03-a1db-2e7e907a5227
2025-11-10 13:39:44,760 - INFO - Successfully captured API: https://shopee.sg/api/v4/search/search_items?by=sales&limit=60&match_id=11011639&newest=0&order=desc&page_type=search&scenario=PAGE_CATEGORY&source=SRP&version=2&view_session_id=4365e529-838f-4a03-a1db-2e7e907a5227
2025-11-10 13:39:46,755 - INFO - Successfully opened https://shopee.sg/abc-cat.11011538.11011639?page=0&sortBy=sales
2025-11-10 13:39:52,197 - INFO - Extracted 60 products from https://shopee.sg/abc-cat.11011538.11011639?page=0&sortBy=sales
2025-11-10 13:39:52,197 - INFO - Opening category page: https://shopee.sg/abc-cat.11011538.11011639?page=1&sortBy=sales
2025-11-10 13:39:54,561 - INFO - Attempting to capture API response from: https://shopee.sg/api/v4/search/search_items?by=sales&limit=60&match_id=11011639&newest=60&order=desc&page_type=search&scenario=PAGE_CATEGORY&source=SRP&version=2&view_session_id=75f9f51b-9319-44e2-99f7-c7bf61e1bfc7
2025-11-10 13:39:54,703 - INFO - Successfully captured API: https://shopee.sg/api/v4/search/search_items?by=sales&limit=60&match_id=11011639&newest=60&order=desc&page_type=search&scenario=PAGE_CATEGORY&source=SRP&version=2&view_session_id=75f9f51b-9319-44e2-99f7-c7bf61e1bfc7
2025-11-10 13:39:56,697 - INFO - Successfully opened https://shopee.sg/abc-cat.11011538.11011639?page=1&sortBy=sales
2025-11-10 13:40:02,123 - INFO - Extracted 60 products from https://shopee.sg/abc-cat.11011538.11011639?page=1&sortBy=sales
2025-11-10 13:40:02,124 - INFO - Opening category page: https://shopee.sg/abc-cat.11011538.11011614?page=0&sortBy=sales
2025-11-10 13:40:04,450 - INFO - Attempting to capture API response from: https://shopee.sg/api/v4/search/search_items?by=sales&limit=60&match_id=11011614&newest=0&order=desc&page_type=search&scenario=PAGE_CATEGORY&source=SRP&version=2&view_session_id=66351cf0-91fa-4776-8e01-fdf8f2c7aae8
2025-11-10 13:40:04,594 - INFO - Successfully captured API: https://shopee.sg/api/v4/search/search_items?by=sales&limit=60&match_id=11011614&newest=0&order=desc&page_type=search&scenario=PAGE_CATEGORY&source=SRP&version=2&view_session_id=66351cf0-91fa-4776-8e01-fdf8f2c7aae8
2025-11-10 13:40:06,431 - INFO - Successfully opened https://shopee.sg/abc-cat.11011538.11011614?page=0&sortBy=sales
2025-11-10 13:40:17,620 - INFO - Extracted 60 products from https://shopee.sg/abc-cat.11011538.11011614?page=0&sortBy=sales
2025-11-10 13:40:17,621 - INFO - Opening category page: https://shopee.sg/abc-cat.11011538.11011614?page=1&sortBy=sales
2025-11-10 13:40:20,261 - INFO - Attempting to capture API response from: https://shopee.sg/api/v4/search/search_items?by=sales&limit=60&match_id=11011614&newest=60&order=desc&page_type=search&scenario=PAGE_CATEGORY&source=SRP&version=2&view_session_id=8bd2f769-26e0-4767-a37a-d5ca0a0c7947
2025-11-10 13:40:20,363 - INFO - Successfully captured API: https://shopee.sg/api/v4/search/search_items?by=sales&limit=60&match_id=11011614&newest=60&order=desc&page_type=search&scenario=PAGE_CATEGORY&source=SRP&version=2&view_session_id=8bd2f769-26e0-4767-a37a-d5ca0a0c7947
2025-11-10 13:40:21,751 - INFO - Successfully opened https://shopee.sg/abc-cat.11011538.11011614?page=1&sortBy=sales
2025-11-10 13:40:37,410 - INFO - Extracted 60 products from https://shopee.sg/abc-cat.11011538.11011614?page=1&sortBy=sales
2025-11-10 13:40:37,410 - INFO - Opening category page: https://shopee.sg/abc-cat.11011538.11011584?page=0&sortBy=sales
2025-11-10 13:40:39,924 - INFO - Attempting to capture API response from: https://shopee.sg/api/v4/search/search_items?by=sales&limit=60&match_id=11011584&newest=0&order=desc&page_type=search&scenario=PAGE_CATEGORY&source=SRP&version=2&view_session_id=2c094292-a192-4782-8692-46015535bd76
2025-11-10 13:40:39,966 - INFO - Successfully captured API: https://shopee.sg/api/v4/search/search_items?by=sales&limit=60&match_id=11011584&newest=0&order=desc&page_type=search&scenario=PAGE_CATEGORY&source=SRP&version=2&view_session_id=2c094292-a192-4782-8692-46015535bd76
2025-11-10 13:40:41,976 - INFO - Successfully opened https://shopee.sg/abc-cat.11011538.11011584?page=0&sortBy=sales
2025-11-10 13:40:44,820 - INFO - Extracted 60 products from https://shopee.sg/abc-cat.11011538.11011584?page=0&sortBy=sales
2025-11-10 13:40:44,821 - INFO - Opening category page: https://shopee.sg/abc-cat.11011538.11011584?page=1&sortBy=sales
2025-11-10 13:40:47,089 - INFO - Attempting to capture API response from: https://shopee.sg/api/v4/search/search_items?by=sales&limit=60&match_id=11011584&newest=60&order=desc&page_type=search&scenario=PAGE_CATEGORY&source=SRP&version=2&view_session_id=2ac761d6-d7bc-4730-8ec1-44763335dfe1
2025-11-10 13:40:47,121 - INFO - Successfully captured API: https://shopee.sg/api/v4/search/search_items?by=sales&limit=60&match_id=11011584&newest=60&order=desc&page_type=search&scenario=PAGE_CATEGORY&source=SRP&version=2&view_session_id=2ac761d6-d7bc-4730-8ec1-44763335dfe1
2025-11-10 13:40:49,061 - INFO - Successfully opened https://shopee.sg/abc-cat.11011538.11011584?page=1&sortBy=sales
2025-11-10 13:41:34,025 - INFO - Extracted 60 products from https://shopee.sg/abc-cat.11011538.11011584?page=1&sortBy=sales
2025-11-10 13:41:34,025 - INFO - Opening category page: https://shopee.sg/abc-cat.11011538.11011569?page=0&sortBy=sales
2025-11-10 13:41:36,918 - INFO - Attempting to capture API response from: https://shopee.sg/api/v4/search/search_items?by=sales&limit=60&match_id=11011569&newest=0&order=desc&page_type=search&scenario=PAGE_CATEGORY&source=SRP&version=2&view_session_id=13542476-7ad2-47f5-b6cc-77b6dbdfea85
2025-11-10 13:41:37,271 - INFO - Successfully captured API: https://shopee.sg/api/v4/search/search_items?by=sales&limit=60&match_id=11011569&newest=0&order=desc&page_type=search&scenario=PAGE_CATEGORY&source=SRP&version=2&view_session_id=13542476-7ad2-47f5-b6cc-77b6dbdfea85
2025-11-10 13:41:38,939 - INFO - Successfully opened https://shopee.sg/abc-cat.11011538.11011569?page=0&sortBy=sales
2025-11-10 13:42:22,835 - INFO - Extracted 60 products from https://shopee.sg/abc-cat.11011538.11011569?page=0&sortBy=sales
2025-11-10 13:42:22,835 - INFO - Opening category page: https://shopee.sg/abc-cat.11011538.11011569?page=1&sortBy=sales
2025-11-10 13:42:25,225 - INFO - Attempting to capture API response from: https://shopee.sg/api/v4/search/search_items?by=sales&limit=60&match_id=11011569&newest=60&order=desc&page_type=search&scenario=PAGE_CATEGORY&source=SRP&version=2&view_session_id=20d6f2e7-76e8-434b-8f6f-f959c3e2aa8a
2025-11-10 13:42:25,339 - INFO - Successfully captured API: https://shopee.sg/api/v4/search/search_items?by=sales&limit=60&match_id=11011569&newest=60&order=desc&page_type=search&scenario=PAGE_CATEGORY&source=SRP&version=2&view_session_id=20d6f2e7-76e8-434b-8f6f-f959c3e2aa8a
2025-11-10 13:42:27,207 - INFO - Successfully opened https://shopee.sg/abc-cat.11011538.11011569?page=1&sortBy=sales
2025-11-10 13:42:48,996 - INFO - Extracted 60 products from https://shopee.sg/abc-cat.11011538.11011569?page=1&sortBy=sales
2025-11-10 13:42:48,997 - INFO - Opening category page: https://shopee.sg/abc-cat.11011538.11011555?page=0&sortBy=sales
2025-11-10 13:42:51,335 - INFO - Attempting to capture API response from: https://shopee.sg/api/v4/search/search_items?by=sales&limit=60&match_id=11011555&newest=0&order=desc&page_type=search&scenario=PAGE_CATEGORY&source=SRP&version=2&view_session_id=64df3ba8-49f1-4c7c-8ceb-53f9f5b148a3
2025-11-10 13:42:51,488 - INFO - Successfully captured API: https://shopee.sg/api/v4/search/search_items?by=sales&limit=60&match_id=11011555&newest=0&order=desc&page_type=search&scenario=PAGE_CATEGORY&source=SRP&version=2&view_session_id=64df3ba8-49f1-4c7c-8ceb-53f9f5b148a3
2025-11-10 13:42:53,470 - INFO - Successfully opened https://shopee.sg/abc-cat.11011538.11011555?page=0&sortBy=sales
2025-11-10 13:43:01,305 - INFO - Extracted 60 products from https://shopee.sg/abc-cat.11011538.11011555?page=0&sortBy=sales
2025-11-10 13:43:01,305 - INFO - Opening category page: https://shopee.sg/abc-cat.11011538.11011555?page=1&sortBy=sales
2025-11-10 13:43:03,589 - INFO - Attempting to capture API response from: https://shopee.sg/api/v4/search/search_items?by=sales&limit=60&match_id=11011555&newest=60&order=desc&page_type=search&scenario=PAGE_CATEGORY&source=SRP&version=2&view_session_id=2fc7dd9f-b60f-4410-8df5-49493e623246
2025-11-10 13:43:03,633 - INFO - Successfully captured API: https://shopee.sg/api/v4/search/search_items?by=sales&limit=60&match_id=11011555&newest=60&order=desc&page_type=search&scenario=PAGE_CATEGORY&source=SRP&version=2&view_session_id=2fc7dd9f-b60f-4410-8df5-49493e623246
2025-11-10 13:43:05,483 - INFO - Successfully opened https://shopee.sg/abc-cat.11011538.11011555?page=1&sortBy=sales
2025-11-10 13:43:45,707 - INFO - Extracted 60 products from https://shopee.sg/abc-cat.11011538.11011555?page=1&sortBy=sales
2025-11-10 13:43:45,708 - INFO - Opening category page: https://shopee.sg/abc-cat.11011538.11027326?page=0&sortBy=sales
2025-11-10 13:43:48,353 - INFO - Attempting to capture API response from: https://shopee.sg/api/v4/search/search_items?by=sales&limit=60&match_id=11027326&newest=0&order=desc&page_type=search&scenario=PAGE_CATEGORY&source=SRP&version=2&view_session_id=a4065eec-597f-44a0-829e-d39235a257b0
2025-11-10 13:43:48,526 - INFO - Successfully captured API: https://shopee.sg/api/v4/search/search_items?by=sales&limit=60&match_id=11027326&newest=0&order=desc&page_type=search&scenario=PAGE_CATEGORY&source=SRP&version=2&view_session_id=a4065eec-597f-44a0-829e-d39235a257b0
2025-11-10 13:43:49,945 - INFO - Successfully opened https://shopee.sg/abc-cat.11011538.11027326?page=0&sortBy=sales
2025-11-10 13:44:07,319 - INFO - Extracted 60 products from https://shopee.sg/abc-cat.11011538.11027326?page=0&sortBy=sales
2025-11-10 13:44:07,319 - INFO - Opening category page: https://shopee.sg/abc-cat.11011538.11027326?page=1&sortBy=sales
2025-11-10 13:44:09,712 - INFO - Attempting to capture API response from: https://shopee.sg/api/v4/search/search_items?by=sales&limit=60&match_id=11027326&newest=60&order=desc&page_type=search&scenario=PAGE_CATEGORY&source=SRP&version=2&view_session_id=826b3a59-89e9-4e3b-85c3-3c82d17afaf2
2025-11-10 13:44:09,822 - INFO - Successfully captured API: https://shopee.sg/api/v4/search/search_items?by=sales&limit=60&match_id=11027326&newest=60&order=desc&page_type=search&scenario=PAGE_CATEGORY&source=SRP&version=2&view_session_id=826b3a59-89e9-4e3b-85c3-3c82d17afaf2
2025-11-10 13:44:11,851 - INFO - Successfully opened https://shopee.sg/abc-cat.11011538.11027326?page=1&sortBy=sales
2025-11-10 13:44:19,184 - INFO - Extracted 60 products from https://shopee.sg/abc-cat.11011538.11027326?page=1&sortBy=sales
2025-11-10 13:44:19,486 - ERROR - Error closing browser/context: Event loop is closed! Is Playwright already stopped?
2025-11-10 13:47:25,119 - INFO - Opening https://shopee.sg
2025-11-10 13:47:30,591 - INFO - Successfully opened https://shopee.sg
2025-11-10 13:47:30,654 - INFO - Successfully loaded cookies from file
2025-11-10 13:47:30,666 - INFO - Added 29 cookies.
2025-11-10 13:47:36,977 - INFO - Page reloaded successfully
2025-11-10 13:47:41,182 - INFO - Closed popup successfully
2025-11-10 13:47:45,246 - INFO - Simulated human behavior on home page
2025-11-10 13:47:45,247 - INFO - Opening category page: https://shopee.sg/abc-cat.11012218.11027395?page=0&sortBy=sales
2025-11-10 13:47:47,985 - INFO - Attempting to capture API response from: https://shopee.sg/api/v4/search/search_items?by=sales&limit=60&match_id=11027395&newest=0&order=desc&page_type=search&scenario=PAGE_CATEGORY&source=SRP&version=2&view_session_id=9aa283c0-572f-485d-9fb7-6366421672be
2025-11-10 13:47:48,079 - INFO - Successfully captured API: https://shopee.sg/api/v4/search/search_items?by=sales&limit=60&match_id=11027395&newest=0&order=desc&page_type=search&scenario=PAGE_CATEGORY&source=SRP&version=2&view_session_id=9aa283c0-572f-485d-9fb7-6366421672be
2025-11-10 13:47:50,317 - INFO - Successfully opened https://shopee.sg/abc-cat.11012218.11027395?page=0&sortBy=sales
2025-11-10 13:47:53,953 - INFO - Extracted 60 products from https://shopee.sg/abc-cat.11012218.11027395?page=0&sortBy=sales
2025-11-10 13:47:53,953 - INFO - Opening category page: https://shopee.sg/abc-cat.11012218.11027395?page=1&sortBy=sales
2025-11-10 13:47:56,443 - INFO - Attempting to capture API response from: https://shopee.sg/api/v4/search/search_items?by=sales&limit=60&match_id=11027395&newest=60&order=desc&page_type=search&scenario=PAGE_CATEGORY&source=SRP&version=2&view_session_id=2a94165b-204c-44d5-b418-88484c46a47d
2025-11-10 13:47:56,599 - INFO - Successfully captured API: https://shopee.sg/api/v4/search/search_items?by=sales&limit=60&match_id=11027395&newest=60&order=desc&page_type=search&scenario=PAGE_CATEGORY&source=SRP&version=2&view_session_id=2a94165b-204c-44d5-b418-88484c46a47d
2025-11-10 13:47:58,564 - INFO - Successfully opened https://shopee.sg/abc-cat.11012218.11027395?page=1&sortBy=sales
2025-11-10 13:48:01,459 - INFO - Extracted 60 products from https://shopee.sg/abc-cat.11012218.11027395?page=1&sortBy=sales
2025-11-10 13:48:01,459 - INFO - Opening category page: https://shopee.sg/abc-cat.11012218.11012247?page=0&sortBy=sales
2025-11-10 13:48:04,115 - INFO - Attempting to capture API response from: https://shopee.sg/api/v4/search/search_items?by=sales&limit=60&match_id=11012247&newest=0&order=desc&page_type=search&scenario=PAGE_CATEGORY&source=SRP&version=2&view_session_id=1ff44af2-bd9d-4aec-abc0-18df41af8a19
2025-11-10 13:48:04,185 - INFO - Successfully captured API: https://shopee.sg/api/v4/search/search_items?by=sales&limit=60&match_id=11012247&newest=0&order=desc&page_type=search&scenario=PAGE_CATEGORY&source=SRP&version=2&view_session_id=1ff44af2-bd9d-4aec-abc0-18df41af8a19
2025-11-10 13:48:06,355 - INFO - Successfully opened https://shopee.sg/abc-cat.11012218.11012247?page=0&sortBy=sales
2025-11-10 13:48:09,658 - INFO - Extracted 60 products from https://shopee.sg/abc-cat.11012218.11012247?page=0&sortBy=sales
2025-11-10 13:48:09,658 - INFO - Opening category page: https://shopee.sg/abc-cat.11012218.11012247?page=1&sortBy=sales
2025-11-10 13:48:12,351 - INFO - Attempting to capture API response from: https://shopee.sg/api/v4/search/search_items?by=sales&limit=60&match_id=11012247&newest=60&order=desc&page_type=search&scenario=PAGE_CATEGORY&source=SRP&version=2&view_session_id=7f142521-a09a-4c5c-a5d9-5a7149751594
2025-11-10 13:48:12,446 - INFO - Successfully captured API: https://shopee.sg/api/v4/search/search_items?by=sales&limit=60&match_id=11012247&newest=60&order=desc&page_type=search&scenario=PAGE_CATEGORY&source=SRP&version=2&view_session_id=7f142521-a09a-4c5c-a5d9-5a7149751594
2025-11-10 13:48:14,449 - INFO - Successfully opened https://shopee.sg/abc-cat.11012218.11012247?page=1&sortBy=sales
2025-11-10 13:48:29,592 - INFO - Extracted 60 products from https://shopee.sg/abc-cat.11012218.11012247?page=1&sortBy=sales
2025-11-10 13:48:29,592 - INFO - Opening category page: https://shopee.sg/abc-cat.11012218.11012230?page=0&sortBy=sales
2025-11-10 13:48:32,119 - INFO - Attempting to capture API response from: https://shopee.sg/api/v4/search/search_items?by=sales&limit=60&match_id=11012230&newest=0&order=desc&page_type=search&scenario=PAGE_CATEGORY&source=SRP&version=2&view_session_id=9535b754-1f23-4ac7-89e6-674d3d7c5534
2025-11-10 13:48:32,251 - INFO - Successfully captured API: https://shopee.sg/api/v4/search/search_items?by=sales&limit=60&match_id=11012230&newest=0&order=desc&page_type=search&scenario=PAGE_CATEGORY&source=SRP&version=2&view_session_id=9535b754-1f23-4ac7-89e6-674d3d7c5534
2025-11-10 13:48:34,203 - INFO - Successfully opened https://shopee.sg/abc-cat.11012218.11012230?page=0&sortBy=sales
2025-11-10 13:48:51,603 - INFO - Extracted 60 products from https://shopee.sg/abc-cat.11012218.11012230?page=0&sortBy=sales
2025-11-10 13:48:51,604 - INFO - Opening category page: https://shopee.sg/abc-cat.11012218.11012230?page=1&sortBy=sales
2025-11-10 13:48:54,255 - INFO - Attempting to capture API response from: https://shopee.sg/api/v4/search/search_items?by=sales&limit=60&match_id=11012230&newest=60&order=desc&page_type=search&scenario=PAGE_CATEGORY&source=SRP&version=2&view_session_id=011eb07c-9aa2-4b6a-a262-204cde3244b5
2025-11-10 13:48:54,361 - INFO - Successfully captured API: https://shopee.sg/api/v4/search/search_items?by=sales&limit=60&match_id=11012230&newest=60&order=desc&page_type=search&scenario=PAGE_CATEGORY&source=SRP&version=2&view_session_id=011eb07c-9aa2-4b6a-a262-204cde3244b5
2025-11-10 13:48:56,215 - INFO - Successfully opened https://shopee.sg/abc-cat.11012218.11012230?page=1&sortBy=sales
2025-11-10 13:49:32,792 - INFO - Extracted 60 products from https://shopee.sg/abc-cat.11012218.11012230?page=1&sortBy=sales
2025-11-10 13:49:32,792 - INFO - Opening category page: https://shopee.sg/abc-cat.11012218.11012219?page=0&sortBy=sales
2025-11-10 13:49:35,428 - INFO - Attempting to capture API response from: https://shopee.sg/api/v4/search/search_items?by=sales&limit=60&match_id=11012219&newest=0&order=desc&page_type=search&scenario=PAGE_CATEGORY&source=SRP&version=2&view_session_id=ff1f0547-e92c-4766-a6ba-0f3f584c5620
2025-11-10 13:49:35,583 - INFO - Successfully captured API: https://shopee.sg/api/v4/search/search_items?by=sales&limit=60&match_id=11012219&newest=0&order=desc&page_type=search&scenario=PAGE_CATEGORY&source=SRP&version=2&view_session_id=ff1f0547-e92c-4766-a6ba-0f3f584c5620
2025-11-10 13:49:37,576 - INFO - Successfully opened https://shopee.sg/abc-cat.11012218.11012219?page=0&sortBy=sales
2025-11-10 13:49:41,442 - INFO - Extracted 60 products from https://shopee.sg/abc-cat.11012218.11012219?page=0&sortBy=sales
2025-11-10 13:49:41,442 - INFO - Opening category page: https://shopee.sg/abc-cat.11012218.11012219?page=1&sortBy=sales
2025-11-10 13:49:43,888 - INFO - Attempting to capture API response from: https://shopee.sg/api/v4/search/search_items?by=sales&limit=60&match_id=11012219&newest=60&order=desc&page_type=search&scenario=PAGE_CATEGORY&source=SRP&version=2&view_session_id=c91ea729-1c09-4d18-bf39-ed3deebb9f5b
2025-11-10 13:49:44,053 - INFO - Successfully captured API: https://shopee.sg/api/v4/search/search_items?by=sales&limit=60&match_id=11012219&newest=60&order=desc&page_type=search&scenario=PAGE_CATEGORY&source=SRP&version=2&view_session_id=c91ea729-1c09-4d18-bf39-ed3deebb9f5b
2025-11-10 13:49:45,283 - INFO - Successfully opened https://shopee.sg/abc-cat.11012218.11012219?page=1&sortBy=sales
2025-11-10 13:50:04,254 - INFO - Extracted 60 products from https://shopee.sg/abc-cat.11012218.11012219?page=1&sortBy=sales
2025-11-10 13:50:04,255 - INFO - Opening category page: https://shopee.sg/abc-cat.11012218.11027403?page=0&sortBy=sales
2025-11-10 13:50:06,977 - INFO - Attempting to capture API response from: https://shopee.sg/api/v4/search/search_items?by=sales&limit=60&match_id=11027403&newest=0&order=desc&page_type=search&scenario=PAGE_CATEGORY&source=SRP&version=2&view_session_id=9aef203c-e80a-4a36-9948-6cd30f1af189
2025-11-10 13:50:07,083 - INFO - Successfully captured API: https://shopee.sg/api/v4/search/search_items?by=sales&limit=60&match_id=11027403&newest=0&order=desc&page_type=search&scenario=PAGE_CATEGORY&source=SRP&version=2&view_session_id=9aef203c-e80a-4a36-9948-6cd30f1af189
2025-11-10 13:50:08,975 - INFO - Successfully opened https://shopee.sg/abc-cat.11012218.11027403?page=0&sortBy=sales
2025-11-10 13:50:18,249 - INFO - Extracted 60 products from https://shopee.sg/abc-cat.11012218.11027403?page=0&sortBy=sales
2025-11-10 13:50:18,250 - INFO - Opening category page: https://shopee.sg/abc-cat.11012218.11027403?page=1&sortBy=sales
2025-11-10 13:50:20,714 - INFO - Attempting to capture API response from: https://shopee.sg/api/v4/search/search_items?by=sales&limit=60&match_id=11027403&newest=60&order=desc&page_type=search&scenario=PAGE_CATEGORY&source=SRP&version=2&view_session_id=20b1d280-1912-4ef5-9288-7a694aac525f
2025-11-10 13:50:20,853 - INFO - Successfully captured API: https://shopee.sg/api/v4/search/search_items?by=sales&limit=60&match_id=11027403&newest=60&order=desc&page_type=search&scenario=PAGE_CATEGORY&source=SRP&version=2&view_session_id=20b1d280-1912-4ef5-9288-7a694aac525f
2025-11-10 13:50:22,016 - INFO - Successfully opened https://shopee.sg/abc-cat.11012218.11027403?page=1&sortBy=sales
2025-11-10 13:50:25,888 - INFO - Extracted 60 products from https://shopee.sg/abc-cat.11012218.11027403?page=1&sortBy=sales
2025-11-10 13:50:26,166 - ERROR - Error closing browser/context: Event loop is closed! Is Playwright already stopped?
2025-11-10 13:53:27,301 - INFO - Opening https://shopee.sg
2025-11-10 13:53:31,229 - INFO - Successfully opened https://shopee.sg
2025-11-10 13:53:31,261 - INFO - Successfully loaded cookies from file
2025-11-10 13:53:31,279 - INFO - Added 29 cookies.
2025-11-10 13:53:36,665 - INFO - Page reloaded successfully
2025-11-10 13:53:40,846 - INFO - Closed popup successfully
2025-11-10 13:53:51,280 - INFO - Simulated human behavior on home page
2025-11-10 13:53:51,282 - INFO - Opening category page: https://shopee.sg/abc-cat.11013478.11013528?page=0&sortBy=sales
2025-11-10 13:53:53,961 - INFO - Attempting to capture API response from: https://shopee.sg/api/v4/search/search_items?by=sales&limit=60&match_id=11013528&newest=0&order=desc&page_type=search&scenario=PAGE_CATEGORY&source=SRP&version=2&view_session_id=a12d6eb4-025b-48e0-8cea-be9a6453e26a
2025-11-10 13:53:54,064 - INFO - Successfully captured API: https://shopee.sg/api/v4/search/search_items?by=sales&limit=60&match_id=11013528&newest=0&order=desc&page_type=search&scenario=PAGE_CATEGORY&source=SRP&version=2&view_session_id=a12d6eb4-025b-48e0-8cea-be9a6453e26a
2025-11-10 13:53:55,404 - INFO - Successfully opened https://shopee.sg/abc-cat.11013478.11013528?page=0&sortBy=sales
2025-11-10 13:53:57,807 - INFO - Extracted 60 products from https://shopee.sg/abc-cat.11013478.11013528?page=0&sortBy=sales
2025-11-10 13:53:57,807 - INFO - Opening category page: https://shopee.sg/abc-cat.11013478.11013528?page=1&sortBy=sales
2025-11-10 13:54:00,113 - INFO - Attempting to capture API response from: https://shopee.sg/api/v4/search/search_items?by=sales&limit=60&match_id=11013528&newest=60&order=desc&page_type=search&scenario=PAGE_CATEGORY&source=SRP&version=2&view_session_id=ce42ecaa-88ca-4b2f-9d44-9cf7223e2936
2025-11-10 13:54:00,258 - INFO - Successfully captured API: https://shopee.sg/api/v4/search/search_items?by=sales&limit=60&match_id=11013528&newest=60&order=desc&page_type=search&scenario=PAGE_CATEGORY&source=SRP&version=2&view_session_id=ce42ecaa-88ca-4b2f-9d44-9cf7223e2936
2025-11-10 13:54:02,179 - INFO - Successfully opened https://shopee.sg/abc-cat.11013478.11013528?page=1&sortBy=sales
2025-11-10 13:54:09,939 - INFO - Extracted 60 products from https://shopee.sg/abc-cat.11013478.11013528?page=1&sortBy=sales
2025-11-10 13:54:09,939 - INFO - Opening category page: https://shopee.sg/abc-cat.11013478.11013524?page=0&sortBy=sales
2025-11-10 13:54:12,428 - INFO - Attempting to capture API response from: https://shopee.sg/api/v4/search/search_items?by=sales&limit=60&match_id=11013524&newest=0&order=desc&page_type=search&scenario=PAGE_CATEGORY&source=SRP&version=2&view_session_id=dc74401f-f74c-4937-b9c7-bf8275001a0c
2025-11-10 13:54:12,558 - INFO - Successfully captured API: https://shopee.sg/api/v4/search/search_items?by=sales&limit=60&match_id=11013524&newest=0&order=desc&page_type=search&scenario=PAGE_CATEGORY&source=SRP&version=2&view_session_id=dc74401f-f74c-4937-b9c7-bf8275001a0c
2025-11-10 13:54:14,748 - INFO - Successfully opened https://shopee.sg/abc-cat.11013478.11013524?page=0&sortBy=sales
2025-11-10 13:54:29,299 - INFO - Extracted 60 products from https://shopee.sg/abc-cat.11013478.11013524?page=0&sortBy=sales
2025-11-10 13:54:29,299 - INFO - Opening category page: https://shopee.sg/abc-cat.11013478.11013524?page=1&sortBy=sales
2025-11-10 13:54:31,784 - INFO - Attempting to capture API response from: https://shopee.sg/api/v4/search/search_items?by=sales&limit=60&match_id=11013524&newest=60&order=desc&page_type=search&scenario=PAGE_CATEGORY&source=SRP&version=2&view_session_id=d84a3161-26d4-4cda-a0b6-dd3694f1add6
2025-11-10 13:54:31,850 - INFO - Successfully captured API: https://shopee.sg/api/v4/search/search_items?by=sales&limit=60&match_id=11013524&newest=60&order=desc&page_type=search&scenario=PAGE_CATEGORY&source=SRP&version=2&view_session_id=d84a3161-26d4-4cda-a0b6-dd3694f1add6
2025-11-10 13:54:33,930 - INFO - Successfully opened https://shopee.sg/abc-cat.11013478.11013524?page=1&sortBy=sales
2025-11-10 13:54:44,953 - INFO - Extracted 60 products from https://shopee.sg/abc-cat.11013478.11013524?page=1&sortBy=sales
2025-11-10 13:54:44,953 - INFO - Opening category page: https://shopee.sg/abc-cat.11013478.11013521?page=0&sortBy=sales
2025-11-10 13:54:47,840 - INFO - Attempting to capture API response from: https://shopee.sg/api/v4/search/search_items?by=sales&limit=60&match_id=11013521&newest=0&order=desc&page_type=search&scenario=PAGE_CATEGORY&source=SRP&version=2&view_session_id=331f1a09-10f6-4739-b270-168735fa3563
2025-11-10 13:54:47,905 - INFO - Successfully captured API: https://shopee.sg/api/v4/search/search_items?by=sales&limit=60&match_id=11013521&newest=0&order=desc&page_type=search&scenario=PAGE_CATEGORY&source=SRP&version=2&view_session_id=331f1a09-10f6-4739-b270-168735fa3563
2025-11-10 13:54:49,825 - INFO - Successfully opened https://shopee.sg/abc-cat.11013478.11013521?page=0&sortBy=sales
2025-11-10 13:55:00,317 - INFO - Extracted 60 products from https://shopee.sg/abc-cat.11013478.11013521?page=0&sortBy=sales
2025-11-10 13:55:00,317 - INFO - Opening category page: https://shopee.sg/abc-cat.11013478.11013521?page=1&sortBy=sales
2025-11-10 13:55:02,735 - INFO - Attempting to capture API response from: https://shopee.sg/api/v4/search/search_items?by=sales&limit=60&match_id=11013521&newest=60&order=desc&page_type=search&scenario=PAGE_CATEGORY&source=SRP&version=2&view_session_id=ca8427f0-925f-47c0-915a-83aee4125635
2025-11-10 13:55:02,812 - INFO - Successfully captured API: https://shopee.sg/api/v4/search/search_items?by=sales&limit=60&match_id=11013521&newest=60&order=desc&page_type=search&scenario=PAGE_CATEGORY&source=SRP&version=2&view_session_id=ca8427f0-925f-47c0-915a-83aee4125635
2025-11-10 13:55:04,728 - INFO - Successfully opened https://shopee.sg/abc-cat.11013478.11013521?page=1&sortBy=sales
2025-11-10 13:55:17,389 - INFO - Extracted 60 products from https://shopee.sg/abc-cat.11013478.11013521?page=1&sortBy=sales
2025-11-10 13:55:17,389 - INFO - Opening category page: https://shopee.sg/abc-cat.11013478.11013517?page=0&sortBy=sales
2025-11-10 13:55:19,994 - INFO - Attempting to capture API response from: https://shopee.sg/api/v4/search/search_items?by=sales&limit=60&match_id=11013517&newest=0&order=desc&page_type=search&scenario=PAGE_CATEGORY&source=SRP&version=2&view_session_id=c40df45b-8851-4ea3-93a5-e35a7cc913be
2025-11-10 13:55:20,037 - INFO - Successfully captured API: https://shopee.sg/api/v4/search/search_items?by=sales&limit=60&match_id=11013517&newest=0&order=desc&page_type=search&scenario=PAGE_CATEGORY&source=SRP&version=2&view_session_id=c40df45b-8851-4ea3-93a5-e35a7cc913be
2025-11-10 13:55:22,001 - INFO - Successfully opened https://shopee.sg/abc-cat.11013478.11013517?page=0&sortBy=sales
2025-11-10 13:55:59,778 - INFO - Extracted 60 products from https://shopee.sg/abc-cat.11013478.11013517?page=0&sortBy=sales
2025-11-10 13:55:59,778 - INFO - Opening category page: https://shopee.sg/abc-cat.11013478.11013517?page=1&sortBy=sales
2025-11-10 13:56:02,528 - INFO - Attempting to capture API response from: https://shopee.sg/api/v4/search/search_items?by=sales&limit=60&match_id=11013517&newest=60&order=desc&page_type=search&scenario=PAGE_CATEGORY&source=SRP&version=2&view_session_id=66738507-6acd-4d80-9a96-25f6daf62b6a
2025-11-10 13:56:02,633 - INFO - Successfully captured API: https://shopee.sg/api/v4/search/search_items?by=sales&limit=60&match_id=11013517&newest=60&order=desc&page_type=search&scenario=PAGE_CATEGORY&source=SRP&version=2&view_session_id=66738507-6acd-4d80-9a96-25f6daf62b6a
2025-11-10 13:56:04,502 - INFO - Successfully opened https://shopee.sg/abc-cat.11013478.11013517?page=1&sortBy=sales
2025-11-10 13:56:25,541 - INFO - Extracted 60 products from https://shopee.sg/abc-cat.11013478.11013517?page=1&sortBy=sales
2025-11-10 13:56:25,542 - INFO - Opening category page: https://shopee.sg/abc-cat.11013478.11013494?page=0&sortBy=sales
2025-11-10 13:56:27,909 - INFO - Attempting to capture API response from: https://shopee.sg/api/v4/search/search_items?by=sales&limit=60&match_id=11013494&newest=0&order=desc&page_type=search&scenario=PAGE_CATEGORY&source=SRP&version=2&view_session_id=b7c42f21-478d-4a0a-91cb-9cb24f6eec45
2025-11-10 13:56:27,956 - INFO - Successfully captured API: https://shopee.sg/api/v4/search/search_items?by=sales&limit=60&match_id=11013494&newest=0&order=desc&page_type=search&scenario=PAGE_CATEGORY&source=SRP&version=2&view_session_id=b7c42f21-478d-4a0a-91cb-9cb24f6eec45
2025-11-10 13:56:29,924 - INFO - Successfully opened https://shopee.sg/abc-cat.11013478.11013494?page=0&sortBy=sales
2025-11-10 13:56:35,650 - INFO - Extracted 60 products from https://shopee.sg/abc-cat.11013478.11013494?page=0&sortBy=sales
2025-11-10 13:56:35,651 - INFO - Opening category page: https://shopee.sg/abc-cat.11013478.11013494?page=1&sortBy=sales
2025-11-10 13:56:37,871 - INFO - Attempting to capture API response from: https://shopee.sg/api/v4/search/search_items?by=sales&limit=60&match_id=11013494&newest=60&order=desc&page_type=search&scenario=PAGE_CATEGORY&source=SRP&version=2&view_session_id=ef92977a-cc6b-40ed-b41b-e6231de39ba1
2025-11-10 13:56:37,978 - INFO - Successfully captured API: https://shopee.sg/api/v4/search/search_items?by=sales&limit=60&match_id=11013494&newest=60&order=desc&page_type=search&scenario=PAGE_CATEGORY&source=SRP&version=2&view_session_id=ef92977a-cc6b-40ed-b41b-e6231de39ba1
2025-11-10 13:56:39,886 - INFO - Successfully opened https://shopee.sg/abc-cat.11013478.11013494?page=1&sortBy=sales
2025-11-10 13:56:52,136 - INFO - Extracted 60 products from https://shopee.sg/abc-cat.11013478.11013494?page=1&sortBy=sales
2025-11-10 13:56:52,136 - INFO - Opening category page: https://shopee.sg/abc-cat.11013478.11013491?page=0&sortBy=sales
2025-11-10 13:56:54,585 - INFO - Attempting to capture API response from: https://shopee.sg/api/v4/search/search_items?by=sales&limit=60&match_id=11013491&newest=0&order=desc&page_type=search&scenario=PAGE_CATEGORY&source=SRP&version=2&view_session_id=4f0f30b3-8d3f-4437-9eb3-cc7c35c9d848
2025-11-10 13:56:54,673 - INFO - Successfully captured API: https://shopee.sg/api/v4/search/search_items?by=sales&limit=60&match_id=11013491&newest=0&order=desc&page_type=search&scenario=PAGE_CATEGORY&source=SRP&version=2&view_session_id=4f0f30b3-8d3f-4437-9eb3-cc7c35c9d848
2025-11-10 13:56:56,647 - INFO - Successfully opened https://shopee.sg/abc-cat.11013478.11013491?page=0&sortBy=sales
2025-11-10 13:57:36,771 - INFO - Extracted 60 products from https://shopee.sg/abc-cat.11013478.11013491?page=0&sortBy=sales
2025-11-10 13:57:36,771 - INFO - Opening category page: https://shopee.sg/abc-cat.11013478.11013491?page=1&sortBy=sales
2025-11-10 13:57:40,011 - INFO - Attempting to capture API response from: https://shopee.sg/api/v4/search/search_items?by=sales&limit=60&match_id=11013491&newest=60&order=desc&page_type=search&scenario=PAGE_CATEGORY&source=SRP&version=2&view_session_id=aba704a9-5298-43d9-a96e-812146be2780
2025-11-10 13:57:40,110 - INFO - Successfully captured API: https://shopee.sg/api/v4/search/search_items?by=sales&limit=60&match_id=11013491&newest=60&order=desc&page_type=search&scenario=PAGE_CATEGORY&source=SRP&version=2&view_session_id=aba704a9-5298-43d9-a96e-812146be2780
2025-11-10 13:57:40,990 - INFO - Successfully opened https://shopee.sg/abc-cat.11013478.11013491?page=1&sortBy=sales
2025-11-10 13:57:56,918 - INFO - Extracted 60 products from https://shopee.sg/abc-cat.11013478.11013491?page=1&sortBy=sales
2025-11-10 13:57:56,918 - INFO - Opening category page: https://shopee.sg/abc-cat.11013478.11013484?page=0&sortBy=sales
2025-11-10 13:57:59,346 - INFO - Attempting to capture API response from: https://shopee.sg/api/v4/search/search_items?by=sales&limit=60&match_id=11013484&newest=0&order=desc&page_type=search&scenario=PAGE_CATEGORY&source=SRP&version=2&view_session_id=b3db201e-ef8a-44ed-990c-0eb0b4b11608
2025-11-10 13:57:59,386 - INFO - Successfully captured API: https://shopee.sg/api/v4/search/search_items?by=sales&limit=60&match_id=11013484&newest=0&order=desc&page_type=search&scenario=PAGE_CATEGORY&source=SRP&version=2&view_session_id=b3db201e-ef8a-44ed-990c-0eb0b4b11608
2025-11-10 13:58:01,276 - INFO - Successfully opened https://shopee.sg/abc-cat.11013478.11013484?page=0&sortBy=sales
2025-11-10 13:58:05,062 - INFO - Extracted 60 products from https://shopee.sg/abc-cat.11013478.11013484?page=0&sortBy=sales
2025-11-10 13:58:05,062 - INFO - Opening category page: https://shopee.sg/abc-cat.11013478.11013484?page=1&sortBy=sales
2025-11-10 13:58:07,389 - INFO - Attempting to capture API response from: https://shopee.sg/api/v4/search/search_items?by=sales&limit=60&match_id=11013484&newest=60&order=desc&page_type=search&scenario=PAGE_CATEGORY&source=SRP&version=2&view_session_id=25100c0b-bf5b-4fc1-8e92-f009a93b87bc
2025-11-10 13:58:07,431 - INFO - Successfully captured API: https://shopee.sg/api/v4/search/search_items?by=sales&limit=60&match_id=11013484&newest=60&order=desc&page_type=search&scenario=PAGE_CATEGORY&source=SRP&version=2&view_session_id=25100c0b-bf5b-4fc1-8e92-f009a93b87bc
2025-11-10 13:58:09,307 - INFO - Successfully opened https://shopee.sg/abc-cat.11013478.11013484?page=1&sortBy=sales
2025-11-10 13:58:16,513 - INFO - Extracted 60 products from https://shopee.sg/abc-cat.11013478.11013484?page=1&sortBy=sales
2025-11-10 13:58:16,513 - INFO - Opening category page: https://shopee.sg/abc-cat.11013478.11013479?page=0&sortBy=sales
2025-11-10 13:58:19,863 - INFO - Attempting to capture API response from: https://shopee.sg/api/v4/search/search_items?by=sales&limit=60&match_id=11013479&newest=0&order=desc&page_type=search&scenario=PAGE_CATEGORY&source=SRP&version=2&view_session_id=6a8e8145-0bfa-472d-b0be-ccb3f94f022c
2025-11-10 13:58:20,058 - INFO - Successfully captured API: https://shopee.sg/api/v4/search/search_items?by=sales&limit=60&match_id=11013479&newest=0&order=desc&page_type=search&scenario=PAGE_CATEGORY&source=SRP&version=2&view_session_id=6a8e8145-0bfa-472d-b0be-ccb3f94f022c
2025-11-10 13:58:22,132 - INFO - Successfully opened https://shopee.sg/abc-cat.11013478.11013479?page=0&sortBy=sales
2025-11-10 13:58:29,939 - INFO - Extracted 60 products from https://shopee.sg/abc-cat.11013478.11013479?page=0&sortBy=sales
2025-11-10 13:58:29,939 - INFO - Opening category page: https://shopee.sg/abc-cat.11013478.11013479?page=1&sortBy=sales
2025-11-10 13:58:32,289 - INFO - Attempting to capture API response from: https://shopee.sg/api/v4/search/search_items?by=sales&limit=60&match_id=11013479&newest=60&order=desc&page_type=search&scenario=PAGE_CATEGORY&source=SRP&version=2&view_session_id=588626e8-491b-4303-a44d-56954b3668d1
2025-11-10 13:58:32,395 - INFO - Successfully captured API: https://shopee.sg/api/v4/search/search_items?by=sales&limit=60&match_id=11013479&newest=60&order=desc&page_type=search&scenario=PAGE_CATEGORY&source=SRP&version=2&view_session_id=588626e8-491b-4303-a44d-56954b3668d1
2025-11-10 14:05:25,919 - ERROR - Failed to open https://shopee.sg/abc-cat.11013478.11013479?page=1&sortBy=sales: Page.goto: Timeout 30000ms exceeded.
Call log:
  - navigating to "https://shopee.sg/abc-cat.11013478.11013479?page=1&sortBy=sales", waiting until "networkidle"

2025-11-10 14:05:29,986 - ERROR - Error closing browser/context: Event loop is closed! Is Playwright already stopped?
2025-11-10 14:08:32,035 - INFO - Opening https://shopee.sg
2025-11-10 14:08:39,351 - INFO - Successfully opened https://shopee.sg
2025-11-10 14:08:39,359 - INFO - Successfully loaded cookies from file
2025-11-10 14:08:39,385 - INFO - Added 29 cookies.
2025-11-10 14:08:49,686 - INFO - Page reloaded successfully
2025-11-10 14:08:54,061 - INFO - Closed popup successfully
2025-11-10 14:09:06,612 - INFO - Simulated human behavior on home page
2025-11-10 14:09:06,612 - INFO - Opening category page: https://shopee.sg/abc-cat.11012018.11012210?page=0&sortBy=sales
2025-11-10 14:09:10,049 - INFO - Attempting to capture API response from: https://shopee.sg/api/v4/search/search_items?by=sales&limit=60&match_id=11012210&newest=0&order=desc&page_type=search&scenario=PAGE_CATEGORY&source=SRP&version=2&view_session_id=4036f8a6-3a8f-4937-a265-ae739ec6e97a
2025-11-10 14:09:10,284 - INFO - Successfully captured API: https://shopee.sg/api/v4/search/search_items?by=sales&limit=60&match_id=11012210&newest=0&order=desc&page_type=search&scenario=PAGE_CATEGORY&source=SRP&version=2&view_session_id=4036f8a6-3a8f-4937-a265-ae739ec6e97a
2025-11-10 14:09:14,009 - INFO - Successfully opened https://shopee.sg/abc-cat.11012018.11012210?page=0&sortBy=sales
2025-11-10 14:09:29,080 - INFO - Extracted 60 products from https://shopee.sg/abc-cat.11012018.11012210?page=0&sortBy=sales
2025-11-10 14:09:29,080 - INFO - Opening category page: https://shopee.sg/abc-cat.11012018.11012210?page=1&sortBy=sales
2025-11-10 14:09:33,702 - INFO - Attempting to capture API response from: https://shopee.sg/api/v4/search/search_items?by=sales&limit=60&match_id=11012210&newest=60&order=desc&page_type=search&scenario=PAGE_CATEGORY&source=SRP&version=2&view_session_id=72968952-64e1-4048-a9da-c124c29f3c55
2025-11-10 14:09:33,818 - INFO - Successfully captured API: https://shopee.sg/api/v4/search/search_items?by=sales&limit=60&match_id=11012210&newest=60&order=desc&page_type=search&scenario=PAGE_CATEGORY&source=SRP&version=2&view_session_id=72968952-64e1-4048-a9da-c124c29f3c55
2025-11-10 14:09:36,330 - INFO - Successfully opened https://shopee.sg/abc-cat.11012018.11012210?page=1&sortBy=sales
2025-11-10 14:09:39,396 - INFO - Extracted 60 products from https://shopee.sg/abc-cat.11012018.11012210?page=1&sortBy=sales
2025-11-10 14:09:39,396 - INFO - Opening category page: https://shopee.sg/abc-cat.11012018.11012190?page=0&sortBy=sales
2025-11-10 14:09:43,409 - INFO - Attempting to capture API response from: https://shopee.sg/api/v4/search/search_items?by=sales&limit=60&match_id=11012190&newest=0&order=desc&page_type=search&scenario=PAGE_CATEGORY&source=SRP&version=2&view_session_id=9dd04cdf-82ad-4224-853e-7c043586ed37
2025-11-10 14:09:43,596 - INFO - Successfully captured API: https://shopee.sg/api/v4/search/search_items?by=sales&limit=60&match_id=11012190&newest=0&order=desc&page_type=search&scenario=PAGE_CATEGORY&source=SRP&version=2&view_session_id=9dd04cdf-82ad-4224-853e-7c043586ed37
2025-11-10 14:09:45,834 - INFO - Successfully opened https://shopee.sg/abc-cat.11012018.11012190?page=0&sortBy=sales
2025-11-10 14:10:04,819 - INFO - Extracted 60 products from https://shopee.sg/abc-cat.11012018.11012190?page=0&sortBy=sales
2025-11-10 14:10:04,820 - INFO - Opening category page: https://shopee.sg/abc-cat.11012018.11012190?page=1&sortBy=sales
2025-11-10 14:10:09,130 - INFO - Attempting to capture API response from: https://shopee.sg/api/v4/search/search_items?by=sales&limit=60&match_id=11012190&newest=60&order=desc&page_type=search&scenario=PAGE_CATEGORY&source=SRP&version=2&view_session_id=6f09984e-e302-4ab1-9b14-338c3c8880eb
2025-11-10 14:10:09,286 - INFO - Successfully captured API: https://shopee.sg/api/v4/search/search_items?by=sales&limit=60&match_id=11012190&newest=60&order=desc&page_type=search&scenario=PAGE_CATEGORY&source=SRP&version=2&view_session_id=6f09984e-e302-4ab1-9b14-338c3c8880eb
2025-11-10 14:10:11,996 - INFO - Successfully opened https://shopee.sg/abc-cat.11012018.11012190?page=1&sortBy=sales
2025-11-10 14:10:19,490 - INFO - Extracted 60 products from https://shopee.sg/abc-cat.11012018.11012190?page=1&sortBy=sales
2025-11-10 14:10:19,490 - INFO - Opening category page: https://shopee.sg/abc-cat.11012018.11012182?page=0&sortBy=sales
2025-11-10 14:10:23,389 - INFO - Attempting to capture API response from: https://shopee.sg/api/v4/search/search_items?by=sales&limit=60&match_id=11012182&newest=0&order=desc&page_type=search&scenario=PAGE_CATEGORY&source=SRP&version=2&view_session_id=459d6ec3-9723-4032-9d95-4e4f15158955
2025-11-10 14:10:23,527 - INFO - Successfully captured API: https://shopee.sg/api/v4/search/search_items?by=sales&limit=60&match_id=11012182&newest=0&order=desc&page_type=search&scenario=PAGE_CATEGORY&source=SRP&version=2&view_session_id=459d6ec3-9723-4032-9d95-4e4f15158955
2025-11-10 14:10:25,795 - INFO - Successfully opened https://shopee.sg/abc-cat.11012018.11012182?page=0&sortBy=sales
2025-11-10 14:11:07,838 - INFO - Extracted 60 products from https://shopee.sg/abc-cat.11012018.11012182?page=0&sortBy=sales
2025-11-10 14:11:07,840 - INFO - Opening category page: https://shopee.sg/abc-cat.11012018.11012182?page=1&sortBy=sales
2025-11-10 14:11:10,528 - INFO - Attempting to capture API response from: https://shopee.sg/api/v4/search/search_items?by=sales&limit=60&match_id=11012182&newest=60&order=desc&page_type=search&scenario=PAGE_CATEGORY&source=SRP&version=2&view_session_id=7877dd06-3306-444d-b3c3-06615bc2ec87
2025-11-10 14:11:10,603 - INFO - Successfully captured API: https://shopee.sg/api/v4/search/search_items?by=sales&limit=60&match_id=11012182&newest=60&order=desc&page_type=search&scenario=PAGE_CATEGORY&source=SRP&version=2&view_session_id=7877dd06-3306-444d-b3c3-06615bc2ec87
2025-11-10 14:11:12,430 - INFO - Successfully opened https://shopee.sg/abc-cat.11012018.11012182?page=1&sortBy=sales
2025-11-10 14:11:20,969 - INFO - Extracted 60 products from https://shopee.sg/abc-cat.11012018.11012182?page=1&sortBy=sales
2025-11-10 14:11:20,969 - INFO - Opening category page: https://shopee.sg/abc-cat.11012018.11012173?page=0&sortBy=sales
2025-11-10 14:11:24,348 - INFO - Attempting to capture API response from: https://shopee.sg/api/v4/search/search_items?by=sales&limit=60&match_id=11012173&newest=0&order=desc&page_type=search&scenario=PAGE_CATEGORY&source=SRP&version=2&view_session_id=e8d2f025-c268-44ab-ae23-c9758d247a2e
2025-11-10 14:11:24,509 - INFO - Successfully captured API: https://shopee.sg/api/v4/search/search_items?by=sales&limit=60&match_id=11012173&newest=0&order=desc&page_type=search&scenario=PAGE_CATEGORY&source=SRP&version=2&view_session_id=e8d2f025-c268-44ab-ae23-c9758d247a2e
2025-11-10 14:11:25,693 - INFO - Successfully opened https://shopee.sg/abc-cat.11012018.11012173?page=0&sortBy=sales
2025-11-10 14:12:10,588 - INFO - Extracted 60 products from https://shopee.sg/abc-cat.11012018.11012173?page=0&sortBy=sales
2025-11-10 14:12:10,589 - INFO - Opening category page: https://shopee.sg/abc-cat.11012018.11012173?page=1&sortBy=sales
2025-11-10 14:12:13,007 - INFO - Attempting to capture API response from: https://shopee.sg/api/v4/search/search_items?by=sales&limit=60&match_id=11012173&newest=60&order=desc&page_type=search&scenario=PAGE_CATEGORY&source=SRP&version=2&view_session_id=56b403c2-829d-4aff-9e2f-44936c53b932
2025-11-10 14:12:13,103 - INFO - Successfully captured API: https://shopee.sg/api/v4/search/search_items?by=sales&limit=60&match_id=11012173&newest=60&order=desc&page_type=search&scenario=PAGE_CATEGORY&source=SRP&version=2&view_session_id=56b403c2-829d-4aff-9e2f-44936c53b932
2025-11-10 14:12:14,913 - INFO - Successfully opened https://shopee.sg/abc-cat.11012018.11012173?page=1&sortBy=sales
2025-11-10 14:12:31,296 - INFO - Extracted 60 products from https://shopee.sg/abc-cat.11012018.11012173?page=1&sortBy=sales
2025-11-10 14:12:31,296 - INFO - Opening category page: https://shopee.sg/abc-cat.11012018.11012156?page=0&sortBy=sales
2025-11-10 14:12:33,477 - INFO - Attempting to capture API response from: https://shopee.sg/api/v4/search/search_items?by=sales&limit=60&match_id=11012156&newest=0&order=desc&page_type=search&scenario=PAGE_CATEGORY&source=SRP&version=2&view_session_id=954bd852-5d28-47fd-b3a9-dde9f4bfec25
2025-11-10 14:12:33,572 - INFO - Successfully captured API: https://shopee.sg/api/v4/search/search_items?by=sales&limit=60&match_id=11012156&newest=0&order=desc&page_type=search&scenario=PAGE_CATEGORY&source=SRP&version=2&view_session_id=954bd852-5d28-47fd-b3a9-dde9f4bfec25
2025-11-10 14:12:35,369 - INFO - Successfully opened https://shopee.sg/abc-cat.11012018.11012156?page=0&sortBy=sales
2025-11-10 14:12:53,633 - INFO - Extracted 60 products from https://shopee.sg/abc-cat.11012018.11012156?page=0&sortBy=sales
2025-11-10 14:12:53,634 - INFO - Opening category page: https://shopee.sg/abc-cat.11012018.11012156?page=1&sortBy=sales
2025-11-10 14:12:56,583 - INFO - Attempting to capture API response from: https://shopee.sg/api/v4/search/search_items?by=sales&limit=60&match_id=11012156&newest=60&order=desc&page_type=search&scenario=PAGE_CATEGORY&source=SRP&version=2&view_session_id=3d6153a3-6c54-4ac2-8013-78d38b320987
2025-11-10 14:12:56,786 - INFO - Successfully captured API: https://shopee.sg/api/v4/search/search_items?by=sales&limit=60&match_id=11012156&newest=60&order=desc&page_type=search&scenario=PAGE_CATEGORY&source=SRP&version=2&view_session_id=3d6153a3-6c54-4ac2-8013-78d38b320987
2025-11-10 14:12:57,996 - INFO - Successfully opened https://shopee.sg/abc-cat.11012018.11012156?page=1&sortBy=sales
2025-11-10 14:12:59,861 - INFO - Extracted 60 products from https://shopee.sg/abc-cat.11012018.11012156?page=1&sortBy=sales
2025-11-10 14:12:59,862 - INFO - Opening category page: https://shopee.sg/abc-cat.11012018.11012140?page=0&sortBy=sales
2025-11-10 14:13:01,958 - INFO - Attempting to capture API response from: https://shopee.sg/api/v4/search/search_items?by=sales&limit=60&match_id=11012140&newest=0&order=desc&page_type=search&scenario=PAGE_CATEGORY&source=SRP&version=2&view_session_id=2f9ffe66-84bc-47e5-a552-5acda615ac13
2025-11-10 14:13:02,022 - INFO - Successfully captured API: https://shopee.sg/api/v4/search/search_items?by=sales&limit=60&match_id=11012140&newest=0&order=desc&page_type=search&scenario=PAGE_CATEGORY&source=SRP&version=2&view_session_id=2f9ffe66-84bc-47e5-a552-5acda615ac13
2025-11-10 14:13:03,870 - INFO - Successfully opened https://shopee.sg/abc-cat.11012018.11012140?page=0&sortBy=sales
2025-11-10 14:13:21,519 - INFO - Extracted 60 products from https://shopee.sg/abc-cat.11012018.11012140?page=0&sortBy=sales
2025-11-10 14:13:21,519 - INFO - Opening category page: https://shopee.sg/abc-cat.11012018.11012140?page=1&sortBy=sales
2025-11-10 14:13:23,690 - INFO - Attempting to capture API response from: https://shopee.sg/api/v4/search/search_items?by=sales&limit=60&match_id=11012140&newest=60&order=desc&page_type=search&scenario=PAGE_CATEGORY&source=SRP&version=2&view_session_id=81b8e70a-3b87-45f2-8662-6470dcb4618a
2025-11-10 14:13:23,782 - INFO - Successfully captured API: https://shopee.sg/api/v4/search/search_items?by=sales&limit=60&match_id=11012140&newest=60&order=desc&page_type=search&scenario=PAGE_CATEGORY&source=SRP&version=2&view_session_id=81b8e70a-3b87-45f2-8662-6470dcb4618a
2025-11-10 14:13:25,587 - INFO - Successfully opened https://shopee.sg/abc-cat.11012018.11012140?page=1&sortBy=sales
2025-11-10 14:13:59,952 - INFO - Extracted 60 products from https://shopee.sg/abc-cat.11012018.11012140?page=1&sortBy=sales
2025-11-10 14:13:59,952 - INFO - Opening category page: https://shopee.sg/abc-cat.11012018.11012132?page=0&sortBy=sales
2025-11-10 14:14:02,358 - INFO - Attempting to capture API response from: https://shopee.sg/api/v4/search/search_items?by=sales&limit=60&match_id=11012132&newest=0&order=desc&page_type=search&scenario=PAGE_CATEGORY&source=SRP&version=2&view_session_id=e0484ee7-9d5f-4dad-a5c9-4bcc2acdbf28
2025-11-10 14:14:02,448 - INFO - Successfully captured API: https://shopee.sg/api/v4/search/search_items?by=sales&limit=60&match_id=11012132&newest=0&order=desc&page_type=search&scenario=PAGE_CATEGORY&source=SRP&version=2&view_session_id=e0484ee7-9d5f-4dad-a5c9-4bcc2acdbf28
2025-11-10 14:14:04,253 - INFO - Successfully opened https://shopee.sg/abc-cat.11012018.11012132?page=0&sortBy=sales
2025-11-10 14:14:24,701 - INFO - Extracted 60 products from https://shopee.sg/abc-cat.11012018.11012132?page=0&sortBy=sales
2025-11-10 14:14:24,701 - INFO - Opening category page: https://shopee.sg/abc-cat.11012018.11012132?page=1&sortBy=sales
2025-11-10 14:14:27,708 - INFO - Successfully opened https://shopee.sg/abc-cat.11012018.11012132?page=1&sortBy=sales
2025-11-10 14:14:29,098 - INFO - Attempting to capture API response from: https://shopee.sg/api/v4/search/search_items?by=sales&limit=60&match_id=11012132&newest=60&order=desc&page_type=search&scenario=PAGE_CATEGORY&source=SRP&version=2&view_session_id=21ccdcc8-188d-4954-92c0-d345a7d211de
2025-11-10 14:14:30,392 - INFO - Successfully captured API: https://shopee.sg/api/v4/search/search_items?by=sales&limit=60&match_id=11012132&newest=60&order=desc&page_type=search&scenario=PAGE_CATEGORY&source=SRP&version=2&view_session_id=21ccdcc8-188d-4954-92c0-d345a7d211de
2025-11-10 14:14:36,890 - INFO - Extracted 60 products from https://shopee.sg/abc-cat.11012018.11012132?page=1&sortBy=sales
2025-11-10 14:14:36,890 - INFO - Opening category page: https://shopee.sg/abc-cat.11012018.11012114?page=0&sortBy=sales
2025-11-10 14:14:40,799 - INFO - Attempting to capture API response from: https://shopee.sg/api/v4/search/search_items?by=sales&limit=60&match_id=11012114&newest=0&order=desc&page_type=search&scenario=PAGE_CATEGORY&source=SRP&version=2&view_session_id=26f15b7f-839e-45a0-a34a-bc04158292ff
2025-11-10 14:14:40,936 - INFO - Successfully captured API: https://shopee.sg/api/v4/search/search_items?by=sales&limit=60&match_id=11012114&newest=0&order=desc&page_type=search&scenario=PAGE_CATEGORY&source=SRP&version=2&view_session_id=26f15b7f-839e-45a0-a34a-bc04158292ff
2025-11-10 14:14:43,604 - INFO - Successfully opened https://shopee.sg/abc-cat.11012018.11012114?page=0&sortBy=sales
2025-11-10 14:14:49,160 - INFO - Extracted 60 products from https://shopee.sg/abc-cat.11012018.11012114?page=0&sortBy=sales
2025-11-10 14:14:49,160 - INFO - Opening category page: https://shopee.sg/abc-cat.11012018.11012114?page=1&sortBy=sales
2025-11-10 14:14:53,199 - INFO - Attempting to capture API response from: https://shopee.sg/api/v4/search/search_items?by=sales&limit=60&match_id=11012114&newest=60&order=desc&page_type=search&scenario=PAGE_CATEGORY&source=SRP&version=2&view_session_id=e1a83493-2f54-4cc2-8114-89829a3715e4
2025-11-10 14:14:53,374 - INFO - Successfully captured API: https://shopee.sg/api/v4/search/search_items?by=sales&limit=60&match_id=11012114&newest=60&order=desc&page_type=search&scenario=PAGE_CATEGORY&source=SRP&version=2&view_session_id=e1a83493-2f54-4cc2-8114-89829a3715e4
2025-11-10 14:14:55,558 - INFO - Successfully opened https://shopee.sg/abc-cat.11012018.11012114?page=1&sortBy=sales
2025-11-10 14:15:14,323 - INFO - Extracted 60 products from https://shopee.sg/abc-cat.11012018.11012114?page=1&sortBy=sales
2025-11-10 14:15:14,324 - INFO - Opening category page: https://shopee.sg/abc-cat.11012018.11012107?page=0&sortBy=sales
2025-11-10 14:15:18,319 - INFO - Attempting to capture API response from: https://shopee.sg/api/v4/search/search_items?by=sales&limit=60&match_id=11012107&newest=0&order=desc&page_type=search&scenario=PAGE_CATEGORY&source=SRP&version=2&view_session_id=5b8858ed-fb94-4a25-9c9b-379d14bfd460
2025-11-10 14:15:18,465 - INFO - Successfully captured API: https://shopee.sg/api/v4/search/search_items?by=sales&limit=60&match_id=11012107&newest=0&order=desc&page_type=search&scenario=PAGE_CATEGORY&source=SRP&version=2&view_session_id=5b8858ed-fb94-4a25-9c9b-379d14bfd460
2025-11-10 14:15:21,091 - INFO - Successfully opened https://shopee.sg/abc-cat.11012018.11012107?page=0&sortBy=sales
2025-11-10 14:15:37,442 - INFO - Extracted 60 products from https://shopee.sg/abc-cat.11012018.11012107?page=0&sortBy=sales
2025-11-10 14:15:37,443 - INFO - Opening category page: https://shopee.sg/abc-cat.11012018.11012107?page=1&sortBy=sales
2025-11-10 14:15:41,306 - INFO - Attempting to capture API response from: https://shopee.sg/api/v4/search/search_items?by=sales&limit=60&match_id=11012107&newest=60&order=desc&page_type=search&scenario=PAGE_CATEGORY&source=SRP&version=2&view_session_id=593d381d-51e8-4bc4-a9b5-091d44a36415
2025-11-10 14:15:41,526 - INFO - Successfully captured API: https://shopee.sg/api/v4/search/search_items?by=sales&limit=60&match_id=11012107&newest=60&order=desc&page_type=search&scenario=PAGE_CATEGORY&source=SRP&version=2&view_session_id=593d381d-51e8-4bc4-a9b5-091d44a36415
2025-11-10 14:15:43,819 - INFO - Successfully opened https://shopee.sg/abc-cat.11012018.11012107?page=1&sortBy=sales
2025-11-10 14:16:21,905 - INFO - Extracted 60 products from https://shopee.sg/abc-cat.11012018.11012107?page=1&sortBy=sales
2025-11-10 14:16:21,905 - INFO - Opening category page: https://shopee.sg/abc-cat.11012018.11012087?page=0&sortBy=sales
2025-11-10 14:16:26,000 - INFO - Attempting to capture API response from: https://shopee.sg/api/v4/search/search_items?by=sales&limit=60&match_id=11012087&newest=0&order=desc&page_type=search&scenario=PAGE_CATEGORY&source=SRP&version=2&view_session_id=d2b65eb3-b303-4738-99d3-39ada54b139b
2025-11-10 14:16:26,108 - INFO - Successfully captured API: https://shopee.sg/api/v4/search/search_items?by=sales&limit=60&match_id=11012087&newest=0&order=desc&page_type=search&scenario=PAGE_CATEGORY&source=SRP&version=2&view_session_id=d2b65eb3-b303-4738-99d3-39ada54b139b
2025-11-10 14:16:30,793 - INFO - Successfully opened https://shopee.sg/abc-cat.11012018.11012087?page=0&sortBy=sales
2025-11-10 14:16:48,965 - WARNING - No products found for page: https://shopee.sg/abc-cat.11012018.11012087?page=0&sortBy=sales
2025-11-10 14:16:48,965 - INFO - Opening category page: https://shopee.sg/abc-cat.11012018.11012087?page=1&sortBy=sales
2025-11-10 14:16:53,149 - INFO - Attempting to capture API response from: https://shopee.sg/api/v4/search/search_items?by=sales&limit=60&match_id=11012087&newest=60&order=desc&page_type=search&scenario=PAGE_CATEGORY&source=SRP&version=2&view_session_id=cc6b221e-290e-4705-90bb-1b35dd2ea5c9
2025-11-10 14:16:53,294 - INFO - Successfully captured API: https://shopee.sg/api/v4/search/search_items?by=sales&limit=60&match_id=11012087&newest=60&order=desc&page_type=search&scenario=PAGE_CATEGORY&source=SRP&version=2&view_session_id=cc6b221e-290e-4705-90bb-1b35dd2ea5c9
2025-11-10 14:16:57,709 - INFO - Successfully opened https://shopee.sg/abc-cat.11012018.11012087?page=1&sortBy=sales
2025-11-10 14:17:08,719 - WARNING - No products found for page: https://shopee.sg/abc-cat.11012018.11012087?page=1&sortBy=sales
2025-11-10 14:17:08,720 - INFO - Opening category page: https://shopee.sg/abc-cat.11012018.11012066?page=0&sortBy=sales
2025-11-10 14:17:12,676 - INFO - Attempting to capture API response from: https://shopee.sg/api/v4/search/search_items?by=sales&limit=60&match_id=11012066&newest=0&order=desc&page_type=search&scenario=PAGE_CATEGORY&source=SRP&version=2&view_session_id=b87492e1-9373-431f-88f8-0fb2c0b18925
2025-11-10 14:17:12,754 - INFO - Successfully captured API: https://shopee.sg/api/v4/search/search_items?by=sales&limit=60&match_id=11012066&newest=0&order=desc&page_type=search&scenario=PAGE_CATEGORY&source=SRP&version=2&view_session_id=b87492e1-9373-431f-88f8-0fb2c0b18925
2025-11-10 14:17:14,492 - INFO - Successfully opened https://shopee.sg/abc-cat.11012018.11012066?page=0&sortBy=sales
2025-11-10 14:18:26,675 - WARNING - No products found for page: https://shopee.sg/abc-cat.11012018.11012066?page=0&sortBy=sales
2025-11-10 14:18:26,675 - INFO - Opening category page: https://shopee.sg/abc-cat.11012018.11012066?page=1&sortBy=sales
2025-11-10 14:18:30,710 - INFO - Attempting to capture API response from: https://shopee.sg/api/v4/search/search_items?by=sales&limit=60&match_id=11012066&newest=60&order=desc&page_type=search&scenario=PAGE_CATEGORY&source=SRP&version=2&view_session_id=445ab5de-b404-4062-98d8-8f6032ca3b9f
2025-11-10 14:18:30,793 - INFO - Successfully captured API: https://shopee.sg/api/v4/search/search_items?by=sales&limit=60&match_id=11012066&newest=60&order=desc&page_type=search&scenario=PAGE_CATEGORY&source=SRP&version=2&view_session_id=445ab5de-b404-4062-98d8-8f6032ca3b9f
2025-11-10 14:18:35,167 - INFO - Successfully opened https://shopee.sg/abc-cat.11012018.11012066?page=1&sortBy=sales
2025-11-10 14:18:38,524 - WARNING - No products found for page: https://shopee.sg/abc-cat.11012018.11012066?page=1&sortBy=sales
2025-11-10 14:18:38,524 - INFO - Opening category page: https://shopee.sg/abc-cat.11012018.11012050?page=0&sortBy=sales
2025-11-10 14:18:42,439 - INFO - Attempting to capture API response from: https://shopee.sg/api/v4/search/search_items?by=sales&limit=60&match_id=11012050&newest=0&order=desc&page_type=search&scenario=PAGE_CATEGORY&source=SRP&version=2&view_session_id=2fbed2b1-62ef-4a2e-8580-aeb1b505f299
2025-11-10 14:18:42,633 - INFO - Successfully captured API: https://shopee.sg/api/v4/search/search_items?by=sales&limit=60&match_id=11012050&newest=0&order=desc&page_type=search&scenario=PAGE_CATEGORY&source=SRP&version=2&view_session_id=2fbed2b1-62ef-4a2e-8580-aeb1b505f299
2025-11-10 14:18:47,045 - INFO - Successfully opened https://shopee.sg/abc-cat.11012018.11012050?page=0&sortBy=sales
2025-11-10 14:19:04,403 - WARNING - No products found for page: https://shopee.sg/abc-cat.11012018.11012050?page=0&sortBy=sales
2025-11-10 14:19:04,404 - INFO - Opening category page: https://shopee.sg/abc-cat.11012018.11012050?page=1&sortBy=sales
2025-11-10 14:19:08,141 - INFO - Attempting to capture API response from: https://shopee.sg/api/v4/search/search_items?by=sales&limit=60&match_id=11012050&newest=60&order=desc&page_type=search&scenario=PAGE_CATEGORY&source=SRP&version=2&view_session_id=1aab1a44-41cb-46b2-82cd-d85ad7a540c3
2025-11-10 14:19:08,584 - INFO - Successfully captured API: https://shopee.sg/api/v4/search/search_items?by=sales&limit=60&match_id=11012050&newest=60&order=desc&page_type=search&scenario=PAGE_CATEGORY&source=SRP&version=2&view_session_id=1aab1a44-41cb-46b2-82cd-d85ad7a540c3
2025-11-10 14:19:10,256 - INFO - Successfully opened https://shopee.sg/abc-cat.11012018.11012050?page=1&sortBy=sales
2025-11-10 14:19:20,969 - WARNING - No products found for page: https://shopee.sg/abc-cat.11012018.11012050?page=1&sortBy=sales
2025-11-10 14:19:20,971 - INFO - Opening category page: https://shopee.sg/abc-cat.11012018.11012041?page=0&sortBy=sales
2025-11-10 14:19:24,885 - INFO - Attempting to capture API response from: https://shopee.sg/api/v4/search/search_items?by=sales&limit=60&match_id=11012041&newest=0&order=desc&page_type=search&scenario=PAGE_CATEGORY&source=SRP&version=2&view_session_id=d3462156-55aa-41df-a809-78d7ea385971
2025-11-10 14:19:25,034 - INFO - Successfully captured API: https://shopee.sg/api/v4/search/search_items?by=sales&limit=60&match_id=11012041&newest=0&order=desc&page_type=search&scenario=PAGE_CATEGORY&source=SRP&version=2&view_session_id=d3462156-55aa-41df-a809-78d7ea385971
2025-11-10 14:19:29,584 - INFO - Successfully opened https://shopee.sg/abc-cat.11012018.11012041?page=0&sortBy=sales
2025-11-10 14:20:07,146 - WARNING - No products found for page: https://shopee.sg/abc-cat.11012018.11012041?page=0&sortBy=sales
2025-11-10 14:20:07,146 - INFO - Opening category page: https://shopee.sg/abc-cat.11012018.11012041?page=1&sortBy=sales
2025-11-10 14:20:11,153 - INFO - Attempting to capture API response from: https://shopee.sg/api/v4/search/search_items?by=sales&limit=60&match_id=11012041&newest=60&order=desc&page_type=search&scenario=PAGE_CATEGORY&source=SRP&version=2&view_session_id=75ec74b8-a5f5-4693-8f25-b13fc6540f09
2025-11-10 14:20:11,253 - INFO - Successfully captured API: https://shopee.sg/api/v4/search/search_items?by=sales&limit=60&match_id=11012041&newest=60&order=desc&page_type=search&scenario=PAGE_CATEGORY&source=SRP&version=2&view_session_id=75ec74b8-a5f5-4693-8f25-b13fc6540f09
2025-11-10 14:20:15,746 - INFO - Successfully opened https://shopee.sg/abc-cat.11012018.11012041?page=1&sortBy=sales
2025-11-10 14:21:21,558 - WARNING - No products found for page: https://shopee.sg/abc-cat.11012018.11012041?page=1&sortBy=sales
2025-11-10 14:21:21,558 - INFO - Opening category page: https://shopee.sg/abc-cat.11012018.11012028?page=0&sortBy=sales
2025-11-10 14:21:25,404 - INFO - Attempting to capture API response from: https://shopee.sg/api/v4/search/search_items?by=sales&limit=60&match_id=11012028&newest=0&order=desc&page_type=search&scenario=PAGE_CATEGORY&source=SRP&version=2&view_session_id=f3981e13-30c1-4056-81a5-e815b039d5d2
2025-11-10 14:21:25,644 - INFO - Successfully captured API: https://shopee.sg/api/v4/search/search_items?by=sales&limit=60&match_id=11012028&newest=0&order=desc&page_type=search&scenario=PAGE_CATEGORY&source=SRP&version=2&view_session_id=f3981e13-30c1-4056-81a5-e815b039d5d2
2025-11-10 14:21:30,098 - INFO - Successfully opened https://shopee.sg/abc-cat.11012018.11012028?page=0&sortBy=sales
2025-11-10 14:22:47,558 - WARNING - No products found for page: https://shopee.sg/abc-cat.11012018.11012028?page=0&sortBy=sales
2025-11-10 14:22:47,558 - INFO - Opening category page: https://shopee.sg/abc-cat.11012018.11012028?page=1&sortBy=sales
2025-11-10 14:22:51,635 - INFO - Attempting to capture API response from: https://shopee.sg/api/v4/search/search_items?by=sales&limit=60&match_id=11012028&newest=60&order=desc&page_type=search&scenario=PAGE_CATEGORY&source=SRP&version=2&view_session_id=e4de605f-a001-4672-8efb-b34365314e01
2025-11-10 14:22:51,791 - INFO - Successfully captured API: https://shopee.sg/api/v4/search/search_items?by=sales&limit=60&match_id=11012028&newest=60&order=desc&page_type=search&scenario=PAGE_CATEGORY&source=SRP&version=2&view_session_id=e4de605f-a001-4672-8efb-b34365314e01
2025-11-10 14:22:53,634 - INFO - Successfully opened https://shopee.sg/abc-cat.11012018.11012028?page=1&sortBy=sales
2025-11-10 14:23:36,650 - WARNING - No products found for page: https://shopee.sg/abc-cat.11012018.11012028?page=1&sortBy=sales
2025-11-10 14:23:36,650 - INFO - Opening category page: https://shopee.sg/abc-cat.11012018.11012021?page=0&sortBy=sales
2025-11-10 14:23:40,689 - INFO - Attempting to capture API response from: https://shopee.sg/api/v4/search/search_items?by=sales&limit=60&match_id=11012021&newest=0&order=desc&page_type=search&scenario=PAGE_CATEGORY&source=SRP&version=2&view_session_id=8913b66b-26ff-4558-9c9f-381cd81439bd
2025-11-10 14:23:40,791 - INFO - Successfully captured API: https://shopee.sg/api/v4/search/search_items?by=sales&limit=60&match_id=11012021&newest=0&order=desc&page_type=search&scenario=PAGE_CATEGORY&source=SRP&version=2&view_session_id=8913b66b-26ff-4558-9c9f-381cd81439bd
2025-11-10 14:23:45,323 - INFO - Successfully opened https://shopee.sg/abc-cat.11012018.11012021?page=0&sortBy=sales
2025-11-10 14:24:55,228 - WARNING - No products found for page: https://shopee.sg/abc-cat.11012018.11012021?page=0&sortBy=sales
2025-11-10 14:24:55,229 - INFO - Opening category page: https://shopee.sg/abc-cat.11012018.11012021?page=1&sortBy=sales
2025-11-10 14:24:58,377 - INFO - Attempting to capture API response from: https://shopee.sg/api/v4/search/search_items?by=sales&limit=60&match_id=11012021&newest=60&order=desc&page_type=search&scenario=PAGE_CATEGORY&source=SRP&version=2&view_session_id=9a700a0e-a8b6-499b-a3aa-cc592cbf2b7b
2025-11-10 14:24:59,400 - INFO - Successfully captured API: https://shopee.sg/api/v4/search/search_items?by=sales&limit=60&match_id=11012021&newest=60&order=desc&page_type=search&scenario=PAGE_CATEGORY&source=SRP&version=2&view_session_id=9a700a0e-a8b6-499b-a3aa-cc592cbf2b7b
2025-11-10 14:25:03,636 - INFO - Successfully opened https://shopee.sg/abc-cat.11012018.11012021?page=1&sortBy=sales
2025-11-10 14:25:06,315 - WARNING - No products found for page: https://shopee.sg/abc-cat.11012018.11012021?page=1&sortBy=sales
2025-11-10 14:25:06,316 - INFO - Opening category page: https://shopee.sg/abc-cat.11012018.11027392?page=0&sortBy=sales
2025-11-10 14:25:09,299 - INFO - Attempting to capture API response from: https://shopee.sg/api/v4/search/search_items?by=sales&limit=60&match_id=11027392&newest=0&order=desc&page_type=search&scenario=PAGE_CATEGORY&source=SRP&version=2&view_session_id=b1b87756-1281-4399-b9ee-8dd37965e515
2025-11-10 14:25:09,331 - INFO - Successfully captured API: https://shopee.sg/api/v4/search/search_items?by=sales&limit=60&match_id=11027392&newest=0&order=desc&page_type=search&scenario=PAGE_CATEGORY&source=SRP&version=2&view_session_id=b1b87756-1281-4399-b9ee-8dd37965e515
2025-11-10 14:25:14,535 - INFO - Successfully opened https://shopee.sg/abc-cat.11012018.11027392?page=0&sortBy=sales
2025-11-10 14:26:19,444 - WARNING - No products found for page: https://shopee.sg/abc-cat.11012018.11027392?page=0&sortBy=sales
2025-11-10 14:26:19,444 - INFO - Opening category page: https://shopee.sg/abc-cat.11012018.11027392?page=1&sortBy=sales
2025-11-10 14:26:23,533 - INFO - Attempting to capture API response from: https://shopee.sg/api/v4/search/search_items?by=sales&limit=60&match_id=11027392&newest=60&order=desc&page_type=search&scenario=PAGE_CATEGORY&source=SRP&version=2&view_session_id=7783c297-523e-44a1-88e6-54ad21ca9f11
2025-11-10 14:26:23,631 - INFO - Successfully captured API: https://shopee.sg/api/v4/search/search_items?by=sales&limit=60&match_id=11027392&newest=60&order=desc&page_type=search&scenario=PAGE_CATEGORY&source=SRP&version=2&view_session_id=7783c297-523e-44a1-88e6-54ad21ca9f11
2025-11-10 14:26:28,105 - INFO - Successfully opened https://shopee.sg/abc-cat.11012018.11027392?page=1&sortBy=sales
2025-11-10 14:27:08,445 - WARNING - No products found for page: https://shopee.sg/abc-cat.11012018.11027392?page=1&sortBy=sales
2025-11-10 14:27:09,268 - ERROR - Error closing browser/context: Event loop is closed! Is Playwright already stopped?
